2026-06-24  2:46:24 0 [Note] Starting MariaDB 12.3.2-MariaDB source revision 9f98f82b14a9b939834281672b6d0cf965db69a3 server_uid 1BqiCk+nSsoaHJT4B1nrPfwP46M= as process 26060
2026-06-24  2:46:25 0 [Note] InnoDB: Compressed tables use zlib 1.3.2
2026-06-24  2:46:25 0 [Note] InnoDB: Number of transaction pools: 1
2026-06-24  2:46:25 0 [Note] InnoDB: Using crc32 + pclmulqdq instructions
2026-06-24  2:46:25 0 [Note] InnoDB: Using ThreadPool
2026-06-24  2:46:25 0 [Note] InnoDB: innodb_buffer_pool_size_max=8388608m, innodb_buffer_pool_size=128m
2026-06-24  2:46:25 0 [Note] InnoDB: Completed initialization of buffer pool
2026-06-24  2:46:25 0 [Note] InnoDB: File system buffers for log disabled (block size=4096 bytes)
2026-06-24  2:46:25 0 [Note] InnoDB: End of log at LSN=45568
2026-06-24  2:46:25 0 [Note] InnoDB: Opened 3 undo tablespaces
2026-06-24  2:46:25 0 [Note] InnoDB: 128 rollback segments in 3 undo tablespaces are active.
2026-06-24  2:46:25 0 [Note] InnoDB: Removed temporary tablespace data file: "./ibtmp1"
2026-06-24  2:46:25 0 [Note] InnoDB: Setting file './ibtmp1' size to 12.000MiB. Physically writing the file full; Please wait ...
2026-06-24  2:46:25 0 [Note] InnoDB: File './ibtmp1' size is now 12.000MiB.
2026-06-24  2:46:25 0 [Note] InnoDB: log sequence number 45568; transaction id 14
2026-06-24  2:46:25 0 [Note] InnoDB: Loading buffer pool(s) from H:\HTTTQL\mariadb-data\ib_buffer_pool
2026-06-24  2:46:25 0 [Note] Plugin 'FEEDBACK' is disabled.
2026-06-24  2:46:25 0 [Note] mysqld.exe: SSPI: using principal name 'localhost', mech 'Negotiate'
2026-06-24  2:46:25 0 [Note] InnoDB: Buffer pool(s) load completed at 260624  2:46:25
2026-06-24  2:46:25 0 [Note] Recovering after a crash using tc.log
2026-06-24  2:46:25 0 [Note] Starting table crash recovery...
2026-06-24  2:46:25 0 [Note] Crash table recovery finished.
2026-06-24  2:46:25 0 [Note] Server socket created on IP: '::', port: '3306'.
2026-06-24  2:46:25 0 [Note] Server socket created on IP: '0.0.0.0', port: '3306'.
2026-06-24  2:46:25 0 [Note] mysqld.exe: Event Scheduler: Loaded 0 events
2026-06-24  2:46:25 0 [Note] C:\Program Files\MariaDB 12.3\bin\mysqld.exe: ready for connections.
Version: '12.3.2-MariaDB'  socket: ''  port: 3306  MariaDB Server
2026-06-24  2:46:56 5 [Warning] Aborted connection 5 to db: 'spa_crm_mis' user: 'root' host: 'localhost' (Got an error reading communication packets)
2026-06-24  2:49:50 8 [Warning] Aborted connection 8 to db: 'spa_crm_mis' user: 'root' host: 'localhost' (Got an error reading communication packets)
2026-06-24  2:50:06 9 [Warning] Aborted connection 9 to db: 'spa_crm_mis' user: 'root' host: 'localhost' (Got an error reading communication packets)
2026-06-24  2:50:19 10 [Warning] Aborted connection 10 to db: 'spa_crm_mis' user: 'root' host: 'localhost' (Got an error reading communication packets)
2026-06-24  2:59:22 12 [Warning] Aborted connection 12 to db: 'spa_crm_mis' user: 'root' host: 'localhost' (Got an error reading communication packets)
2026-06-24  2:59:22 11 [Warning] Aborted connection 11 to db: 'spa_crm_mis' user: 'root' host: 'localhost' (Got an error reading communication packets)
2026-06-24  2:59:22 7 [Warning] Aborted connection 7 to db: 'spa_crm_mis' user: 'root' host: 'localhost' (Got an error reading communication packets)
2026-06-24  3:01:49 16 [Warning] Aborted connection 16 to db: 'spa_crm_mis' user: 'root' host: 'localhost' (Got an error reading communication packets)
2026-06-24  3:02:25 17 [Warning] Aborted connection 17 to db: 'spa_crm_mis' user: 'root' host: 'localhost' (Got an error reading communication packets)
2026-06-24  3:02:43 18 [Warning] Aborted connection 18 to db: 'spa_crm_mis' user: 'root' host: 'localhost' (Got an error reading communication packets)
2026-06-24  3:02:53 19 [Warning] Aborted connection 19 to db: 'spa_crm_mis' user: 'root' host: 'localhost' (Got an error reading communication packets)
2026-06-24  3:03:34 20 [Warning] Aborted connection 20 to db: 'spa_crm_mis' user: 'root' host: 'localhost' (Got an error reading communication packets)
2026-06-24  3:03:57 21 [Warning] Aborted connection 21 to db: 'spa_crm_mis' user: 'root' host: 'localhost' (Got an error reading communication packets)
2026-06-24  3:04:11 22 [Warning] Aborted connection 22 to db: 'spa_crm_mis' user: 'root' host: 'localhost' (Got an error reading communication packets)
2026-06-24  3:04:31 23 [Warning] Aborted connection 23 to db: 'spa_crm_mis' user: 'root' host: 'localhost' (Got an error reading communication packets)
2026-06-24  3:04:46 24 [Warning] Aborted connection 24 to db: 'spa_crm_mis' user: 'root' host: 'localhost' (Got an error reading communication packets)
2026-06-24  3:04:58 25 [Warning] Aborted connection 25 to db: 'spa_crm_mis' user: 'root' host: 'localhost' (Got an error reading communication packets)
2026-06-24  3:05:09 26 [Warning] Aborted connection 26 to db: 'spa_crm_mis' user: 'root' host: 'localhost' (Got an error reading communication packets)
2026-06-24  3:06:35 27 [Warning] Aborted connection 27 to db: 'spa_crm_mis' user: 'root' host: 'localhost' (Got an error reading communication packets)
2026-06-24  3:06:47 28 [Warning] Aborted connection 28 to db: 'spa_crm_mis' user: 'root' host: 'localhost' (Got an error reading communication packets)
2026-06-24  3:07:00 29 [Warning] Aborted connection 29 to db: 'spa_crm_mis' user: 'root' host: 'localhost' (Got an error reading communication packets)
2026-06-24  3:07:32 30 [Warning] Aborted connection 30 to db: 'spa_crm_mis' user: 'root' host: 'localhost' (Got an error reading communication packets)
2026-06-24  3:07:46 31 [Warning] Aborted connection 31 to db: 'spa_crm_mis' user: 'root' host: 'localhost' (Got an error reading communication packets)
2026-06-24  3:08:36 32 [Warning] Aborted connection 32 to db: 'spa_crm_mis' user: 'root' host: 'localhost' (Got an error reading communication packets)
2026-06-24  3:09:05 33 [Warning] Aborted connection 33 to db: 'spa_crm_mis' user: 'root' host: 'localhost' (Got an error reading communication packets)
2026-06-24  3:10:45 34 [Warning] Aborted connection 34 to db: 'spa_crm_mis' user: 'root' host: 'localhost' (Got an error reading communication packets)
2026-06-24  3:10:58 35 [Warning] Aborted connection 35 to db: 'spa_crm_mis' user: 'root' host: 'localhost' (Got an error reading communication packets)
2026-06-24  3:12:50 36 [Warning] Aborted connection 36 to db: 'spa_crm_mis' user: 'root' host: 'localhost' (Got an error reading communication packets)
2026-06-24  3:15:27 37 [Warning] Aborted connection 37 to db: 'spa_crm_mis' user: 'root' host: 'localhost' (Got an error reading communication packets)
2026-06-24  3:16:37 14 [Warning] Aborted connection 14 to db: 'spa_crm_mis' user: 'root' host: 'localhost' (Got an error reading communication packets)
2026-06-24  3:16:37 13 [Warning] Aborted connection 13 to db: 'spa_crm_mis' user: 'root' host: 'localhost' (Got an error reading communication packets)
2026-06-24  3:16:37 15 [Warning] Aborted connection 15 to db: 'spa_crm_mis' user: 'root' host: 'localhost' (Got an error reading communication packets)
2026-06-24  3:18:24 38 [Warning] Aborted connection 38 to db: 'spa_crm_mis' user: 'root' host: 'localhost' (Got an error reading communication packets)
2026-06-24  3:18:24 39 [Warning] Aborted connection 39 to db: 'spa_crm_mis' user: 'root' host: 'localhost' (Got an error reading communication packets)
2026-06-24  3:38:03 40 [Warning] Aborted connection 40 to db: 'spa_crm_mis' user: 'root' host: 'localhost' (Got an error reading communication packets)
2026-06-24  3:38:03 42 [Warning] Aborted connection 42 to db: 'spa_crm_mis' user: 'root' host: 'localhost' (Got an error reading communication packets)
2026-06-24  3:38:03 41 [Warning] Aborted connection 41 to db: 'spa_crm_mis' user: 'root' host: 'localhost' (Got an error reading communication packets)
